# JRE version: OpenJDK Runtime Environment (8.0_40-b04) (build 1.8.0_40-internal-b04)
# Java VM: OpenJDK Zero VM (25.40-b08 interpreted mode linux-arm )
Heap:
 def new generation   total 4480K, used 1314K [0x66a00000, 0x66ec0000, 0x6b200000)
  eden space 4096K,  22% used [0x66a00000, 0x66ae8ad8, 0x66e00000)
  from space 384K,  99% used [0x66e60000, 0x66ebfff8, 0x66ec0000)
  to   space 384K,   0% used [0x66e00000, 0x66e00000, 0x66e60000)
 tenured generation   total 9600K, used 1746K [0x6b200000, 0x6bb60000, 0x74200000)
   the space 9600K,  18% used [0x6b200000, 0x6b3b4958, 0x6b3b4a00, 0x6bb60000)
 Metaspace       used 6286K, capacity 6409K, committed 6448K, reserved 6448K
GC Heap History (10 events):
Event: 1.650 GC heap before
{Heap before GC invocations=1 (full 1):
 def new generation   total 4480K, used 4086K [0x66a00000, 0x66ec0000, 0x6b200000)
  eden space 4096K,  99% used [0x66a00000, 0x66dfd8b8, 0x66e00000)
  from space 384K,   0% used [0x66e00000, 0x66e00000, 0x66e60000)
  to   space 384K,   0% used [0x66e60000, 0x66e60000, 0x66ec0000)
 tenured generation   total 9600K, used 1003K [0x6b200000, 0x6bb60000, 0x74200000)
   the space 9600K,  10% used [0x6b200000, 0x6b2faf98, 0x6b2fb000, 0x6bb60000)
 Metaspace       used 5449K, capacity 5577K, committed 5680K, reserved 6448K
Event: 1.661 GC heap after
Heap after GC invocations=2 (full 1):
 def new generation   total 4480K, used 384K [0x66a00000, 0x66ec0000, 0x6b200000)
  eden space 4096K,   0% used [0x66a00000, 0x66a00000, 0x66e00000)
  from space 384K, 100% used [0x66e60000, 0x66ec0000, 0x66ec0000)
  to   space 384K,   0% used [0x66e00000, 0x66e00000, 0x66e60000)
 tenured generation   total 9600K, used 1132K [0x6b200000, 0x6bb60000, 0x74200000)
   the space 9600K,  11% used [0x6b200000, 0x6b31b390, 0x6b31b400, 0x6bb60000)
 Metaspace       used 5449K, capacity 5577K, committed 5680K, reserved 6448K
}
Event: 1.675 GC heap before
{Heap before GC invocations=2 (full 1):
 def new generation   total 4480K, used 4471K [0x66a00000, 0x66ec0000, 0x6b200000)
  eden space 4096K,  99% used [0x66a00000, 0x66dfdd08, 0x66e00000)
  from space 384K, 100% used [0x66e60000, 0x66ec0000, 0x66ec0000)
  to   space 384K,   0% used [0x66e00000, 0x66e00000, 0x66e60000)
 tenured generation   total 9600K, used 1132K [0x6b200000, 0x6bb60000, 0x74200000)
   the space 9600K,  11% used [0x6b200000, 0x6b31b390, 0x6b31b400, 0x6bb60000)
 Metaspace       used 5449K, capacity 5577K, committed 5680K, reserved 6448K
Event: 1.681 GC heap after
Heap after GC invocations=3 (full 1):
 def new generation   total 4480K, used 32K [0x66a00000, 0x66ec0000, 0x6b200000)
  eden space 4096K,   0% used [0x66a00000, 0x66a00000, 0x66e00000)
  from space 384K,   8% used [0x66e00000, 0x66e08308, 0x66e60000)
  to   space 384K,   0% used [0x66e60000, 0x66e60000, 0x66ec0000)
 tenured generation   total 9600K, used 1495K [0x6b200000, 0x6bb60000, 0x74200000)
   the space 9600K,  15% used [0x6b200000, 0x6b375d40, 0x6b375e00, 0x6bb60000)
 Metaspace       used 5449K, capacity 5577K, committed 5680K, reserved 6448K
}
Event: 1.692 GC heap before
{Heap before GC invocations=3 (full 1):
 def new generation   total 4480K, used 4117K [0x66a00000, 0x66ec0000, 0x6b200000)
  eden space 4096K,  99% used [0x66a00000, 0x66dfd1e0, 0x66e00000)
  from space 384K,   8% used [0x66e00000, 0x66e08308, 0x66e60000)
  to   space 384K,   0% used [0x66e60000, 0x66e60000, 0x66ec0000)
 tenured generation   total 9600K, used 1495K [0x6b200000, 0x6bb60000, 0x74200000)
   the space 9600K,  15% used [0x6b200000, 0x6b375d40, 0x6b375e00, 0x6bb60000)
 Metaspace       used 5449K, capacity 5577K, committed 5680K, reserved 6448K
Event: 1.693 GC heap after
Heap after GC invocations=4 (full 1):
 def new generation   total 4480K, used 40K [0x66a00000, 0x66ec0000, 0x6b200000)
  eden space 4096K,   0% used [0x66a00000, 0x66a00000, 0x66e00000)
  from space 384K,  10% used [0x66e60000, 0x66e6a028, 0x66ec0000)
  to   space 384K,   0% used [0x66e00000, 0x66e00000, 0x66e60000)
 tenured generation   total 9600K, used 1495K [0x6b200000, 0x6bb60000, 0x74200000)
   the space 9600K,  15% used [0x6b200000, 0x6b375d40, 0x6b375e00, 0x6bb60000)
 Metaspace       used 5449K, capacity 5577K, committed 5680K, reserved 6448K
}
Event: 1.703 GC heap before
{Heap before GC invocations=4 (full 1):
 def new generation   total 4480K, used 4105K [0x66a00000, 0x66ec0000, 0x6b200000)
  eden space 4096K,  99% used [0x66a00000, 0x66df86a0, 0x66e00000)
  from space 384K,  10% used [0x66e60000, 0x66e6a028, 0x66ec0000)
  to   space 384K,   0% used [0x66e00000, 0x66e00000, 0x66e60000)
 tenured generation   total 9600K, used 1495K [0x6b200000, 0x6bb60000, 0x74200000)
   the space 9600K,  15% used [0x6b200000, 0x6b375d40, 0x6b375e00, 0x6bb60000)
 Metaspace       used 5449K, capacity 5577K, committed 5680K, reserved 6448K
Event: 1.705 GC heap after
Heap after GC invocations=5 (full 1):
 def new generation   total 4480K, used 46K [0x66a00000, 0x66ec0000, 0x6b200000)
  eden space 4096K,   0% used [0x66a00000, 0x66a00000, 0x66e00000)
  from space 384K,  12% used [0x66e00000, 0x66e0ba08, 0x66e60000)
  to   space 384K,   0% used [0x66e60000, 0x66e60000, 0x66ec0000)
 tenured generation   total 9600K, used 1495K [0x6b200000, 0x6bb60000, 0x74200000)
   the space 9600K,  15% used [0x6b200000, 0x6b375d40, 0x6b375e00, 0x6bb60000)
 Metaspace       used 5449K, capacity 5577K, committed 5680K, reserved 6448K
}
Event: 2.364 GC heap before
{Heap before GC invocations=5 (full 1):
 def new generation   total 4480K, used 4141K [0x66a00000, 0x66ec0000, 0x6b200000)
  eden space 4096K,  99% used [0x66a00000, 0x66dffcc8, 0x66e00000)
  from space 384K,  12% used [0x66e00000, 0x66e0ba08, 0x66e60000)
  to   space 384K,   0% used [0x66e60000, 0x66e60000, 0x66ec0000)
 tenured generation   total 9600K, used 1495K [0x6b200000, 0x6bb60000, 0x74200000)
   the space 9600K,  15% used [0x6b200000, 0x6b375d40, 0x6b375e00, 0x6bb60000)
 Metaspace       used 6188K, capacity 6313K, committed 6320K, reserved 6448K
Event: 2.370 GC heap after
Heap after GC invocations=6 (full 1):
 def new generation   total 4480K, used 383K [0x66a00000, 0x66ec0000, 0x6b200000)
  eden space 4096K,   0% used [0x66a00000, 0x66a00000, 0x66e00000)
  from space 384K,  99% used [0x66e60000, 0x66ebfff8, 0x66ec0000)
  to   space 384K,   0% used [0x66e00000, 0x66e00000, 0x66e60000)
 tenured generation   total 9600K, used 1746K [0x6b200000, 0x6bb60000, 0x74200000)
   the space 9600K,  18% used [0x6b200000, 0x6b3b4958, 0x6b3b4a00, 0x6bb60000)
 Metaspace       used 6188K, capacity 6313K, committed 6320K, reserved 6448K
}

