# JRE version: Java(TM) SE Runtime Environment (8.0_73-b02) (build 1.8.0_73-b02)
# Java VM: Java HotSpot(TM) 64-Bit Server VM (25.73-b02 mixed mode windows-amd64 compressed oops)
Heap:
 PSYoungGen      total 73216K, used 47541K [0x00000000eb180000, 0x00000000f4080000, 0x0000000100000000)
  eden space 65536K, 72% used [0x00000000eb180000,0x00000000edfed588,0x00000000ef180000)
  from space 7680K, 0% used [0x00000000ef180000,0x00000000ef180000,0x00000000ef900000)
  to   space 7680K, 0% used [0x00000000f3900000,0x00000000f3900000,0x00000000f4080000)
 ParOldGen       total 33280K, used 7761K [0x00000000c1400000, 0x00000000c3480000, 0x00000000eb180000)
  object space 33280K, 23% used [0x00000000c1400000,0x00000000c1b94440,0x00000000c3480000)
 Metaspace       used 23500K, capacity 23850K, committed 24060K, reserved 1071104K
  class space    used 2837K, capacity 2955K, committed 3072K, reserved 1048576K
GC Heap History (10 events):
Event: 1.620 GC heap before
{Heap before GC invocations=4 (full 0):
 PSYoungGen      total 18944K, used 18921K [0x00000000eb180000, 0x00000000ed680000, 0x0000000100000000)
  eden space 16384K, 100% used [0x00000000eb180000,0x00000000ec180000,0x00000000ec180000)
  from space 2560K, 99% used [0x00000000ec180000,0x00000000ec3fa7e8,0x00000000ec400000)
  to   space 2560K, 0% used [0x00000000ed400000,0x00000000ed400000,0x00000000ed680000)
 ParOldGen       total 44032K, used 2714K [0x00000000c1400000, 0x00000000c3f00000, 0x00000000eb180000)
  object space 44032K, 6% used [0x00000000c1400000,0x00000000c16a69e8,0x00000000c3f00000)
 Metaspace       used 16762K, capacity 17008K, committed 17152K, reserved 1064960K
  class space    used 1980K, capacity 2037K, committed 2048K, reserved 1048576K
Event: 1.629 GC heap after
Heap after GC invocations=4 (full 0):
 PSYoungGen      total 35328K, used 2537K [0x00000000eb180000, 0x00000000ed680000, 0x0000000100000000)
  eden space 32768K, 0% used [0x00000000eb180000,0x00000000eb180000,0x00000000ed180000)
  from space 2560K, 99% used [0x00000000ed400000,0x00000000ed67a7f8,0x00000000ed680000)
  to   space 2560K, 0% used [0x00000000ed180000,0x00000000ed180000,0x00000000ed400000)
 ParOldGen       total 44032K, used 5040K [0x00000000c1400000, 0x00000000c3f00000, 0x00000000eb180000)
  object space 44032K, 11% used [0x00000000c1400000,0x00000000c18ec038,0x00000000c3f00000)
 Metaspace       used 16762K, capacity 17008K, committed 17152K, reserved 1064960K
  class space    used 1980K, capacity 2037K, committed 2048K, reserved 1048576K
}
Event: 2.450 GC heap before
{Heap before GC invocations=5 (full 0):
 PSYoungGen      total 35328K, used 35305K [0x00000000eb180000, 0x00000000ed680000, 0x0000000100000000)
  eden space 32768K, 100% used [0x00000000eb180000,0x00000000ed180000,0x00000000ed180000)
  from space 2560K, 99% used [0x00000000ed400000,0x00000000ed67a7f8,0x00000000ed680000)
  to   space 2560K, 0% used [0x00000000ed180000,0x00000000ed180000,0x00000000ed400000)
 ParOldGen       total 44032K, used 5040K [0x00000000c1400000, 0x00000000c3f00000, 0x00000000eb180000)
  object space 44032K, 11% used [0x00000000c1400000,0x00000000c18ec038,0x00000000c3f00000)
 Metaspace       used 20514K, capacity 20786K, committed 20992K, reserved 1067008K
  class space    used 2438K, capacity 2535K, committed 2560K, reserved 1048576K
Event: 2.474 GC heap after
Heap after GC invocations=5 (full 0):
 PSYoungGen      total 35328K, used 2553K [0x00000000eb180000, 0x00000000f0080000, 0x0000000100000000)
  eden space 32768K, 0% used [0x00000000eb180000,0x00000000eb180000,0x00000000ed180000)
  from space 2560K, 99% used [0x00000000ed180000,0x00000000ed3fe7d8,0x00000000ed400000)
  to   space 7680K, 0% used [0x00000000ef900000,0x00000000ef900000,0x00000000f0080000)
 ParOldGen       total 44032K, used 8967K [0x00000000c1400000, 0x00000000c3f00000, 0x00000000eb180000)
  object space 44032K, 20% used [0x00000000c1400000,0x00000000c1cc1c18,0x00000000c3f00000)
 Metaspace       used 20514K, capacity 20786K, committed 20992K, reserved 1067008K
  class space    used 2438K, capacity 2535K, committed 2560K, reserved 1048576K
}
Event: 2.638 GC heap before
{Heap before GC invocations=6 (full 0):
 PSYoungGen      total 35328K, used 5442K [0x00000000eb180000, 0x00000000f0080000, 0x0000000100000000)
  eden space 32768K, 8% used [0x00000000eb180000,0x00000000eb4521a0,0x00000000ed180000)
  from space 2560K, 99% used [0x00000000ed180000,0x00000000ed3fe7d8,0x00000000ed400000)
  to   space 7680K, 0% used [0x00000000ef900000,0x00000000ef900000,0x00000000f0080000)
 ParOldGen       total 44032K, used 8967K [0x00000000c1400000, 0x00000000c3f00000, 0x00000000eb180000)
  object space 44032K, 20% used [0x00000000c1400000,0x00000000c1cc1c18,0x00000000c3f00000)
 Metaspace       used 20816K, capacity 21170K, committed 21552K, reserved 1069056K
  class space    used 2478K, capacity 2599K, committed 2688K, reserved 1048576K
Event: 2.649 GC heap after
Heap after GC invocations=6 (full 0):
 PSYoungGen      total 73216K, used 2868K [0x00000000eb180000, 0x00000000f0080000, 0x0000000100000000)
  eden space 65536K, 0% used [0x00000000eb180000,0x00000000eb180000,0x00000000ef180000)
  from space 7680K, 37% used [0x00000000ef900000,0x00000000efbcd268,0x00000000f0080000)
  to   space 7680K, 0% used [0x00000000ef180000,0x00000000ef180000,0x00000000ef900000)
 ParOldGen       total 44032K, used 8967K [0x00000000c1400000, 0x00000000c3f00000, 0x00000000eb180000)
  object space 44032K, 20% used [0x00000000c1400000,0x00000000c1cc1c18,0x00000000c3f00000)
 Metaspace       used 20816K, capacity 21170K, committed 21552K, reserved 1069056K
  class space    used 2478K, capacity 2599K, committed 2688K, reserved 1048576K
}
Event: 2.682 GC heap before
{Heap before GC invocations=7 (full 0):
 PSYoungGen      total 73216K, used 3911K [0x00000000eb180000, 0x00000000f0080000, 0x0000000100000000)
  eden space 65536K, 1% used [0x00000000eb180000,0x00000000eb284cc0,0x00000000ef180000)
  from space 7680K, 37% used [0x00000000ef900000,0x00000000efbcd268,0x00000000f0080000)
  to   space 7680K, 0% used [0x00000000ef180000,0x00000000ef180000,0x00000000ef900000)
 ParOldGen       total 44032K, used 8967K [0x00000000c1400000, 0x00000000c3f00000, 0x00000000eb180000)
  object space 44032K, 20% used [0x00000000c1400000,0x00000000c1cc1c18,0x00000000c3f00000)
 Metaspace       used 21112K, capacity 21458K, committed 21628K, reserved 1069056K
  class space    used 2507K, capacity 2631K, committed 2688K, reserved 1048576K
Event: 2.692 GC heap after
Heap after GC invocations=7 (full 0):
 PSYoungGen      total 73216K, used 1943K [0x00000000eb180000, 0x00000000f4080000, 0x0000000100000000)
  eden space 65536K, 0% used [0x00000000eb180000,0x00000000eb180000,0x00000000ef180000)
  from space 7680K, 25% used [0x00000000ef180000,0x00000000ef365ea8,0x00000000ef900000)
  to   space 7680K, 0% used [0x00000000f3900000,0x00000000f3900000,0x00000000f4080000)
 ParOldGen       total 44032K, used 9912K [0x00000000c1400000, 0x00000000c3f00000, 0x00000000eb180000)
  object space 44032K, 22% used [0x00000000c1400000,0x00000000c1dae318,0x00000000c3f00000)
 Metaspace       used 21112K, capacity 21458K, committed 21628K, reserved 1069056K
  class space    used 2507K, capacity 2631K, committed 2688K, reserved 1048576K
}
Event: 2.692 GC heap before
{Heap before GC invocations=8 (full 1):
 PSYoungGen      total 73216K, used 1943K [0x00000000eb180000, 0x00000000f4080000, 0x0000000100000000)
  eden space 65536K, 0% used [0x00000000eb180000,0x00000000eb180000,0x00000000ef180000)
  from space 7680K, 25% used [0x00000000ef180000,0x00000000ef365ea8,0x00000000ef900000)
  to   space 7680K, 0% used [0x00000000f3900000,0x00000000f3900000,0x00000000f4080000)
 ParOldGen       total 44032K, used 9912K [0x00000000c1400000, 0x00000000c3f00000, 0x00000000eb180000)
  object space 44032K, 22% used [0x00000000c1400000,0x00000000c1dae318,0x00000000c3f00000)
 Metaspace       used 21112K, capacity 21458K, committed 21628K, reserved 1069056K
  class space    used 2507K, capacity 2631K, committed 2688K, reserved 1048576K
Event: 2.765 GC heap after
Heap after GC invocations=8 (full 1):
 PSYoungGen      total 73216K, used 0K [0x00000000eb180000, 0x00000000f4080000, 0x0000000100000000)
  eden space 65536K, 0% used [0x00000000eb180000,0x00000000eb180000,0x00000000ef180000)
  from space 7680K, 0% used [0x00000000ef180000,0x00000000ef180000,0x00000000ef900000)
  to   space 7680K, 0% used [0x00000000f3900000,0x00000000f3900000,0x00000000f4080000)
 ParOldGen       total 33280K, used 7761K [0x00000000c1400000, 0x00000000c3480000, 0x00000000eb180000)
  object space 33280K, 23% used [0x00000000c1400000,0x00000000c1b94440,0x00000000c3480000)
 Metaspace       used 21112K, capacity 21458K, committed 21628K, reserved 1069056K
  class space    used 2507K, capacity 2631K, committed 2688K, reserved 1048576K
}

