# JRE version: Java(TM) SE Runtime Environment (8.0_73-b02) (build 1.8.0_73-b02)
# Java VM: Java HotSpot(TM) 64-Bit Server VM (25.73-b02 mixed mode windows-amd64 compressed oops)
Heap:
 PSYoungGen      total 52736K, used 35775K [0x00000000eb180000, 0x00000000f0180000, 0x0000000100000000)
  eden space 44544K, 61% used [0x00000000eb180000,0x00000000ecc72ba8,0x00000000edd00000)
  from space 8192K, 99% used [0x00000000ef980000,0x00000000f017d080,0x00000000f0180000)
  to   space 10240K, 0% used [0x00000000eed80000,0x00000000eed80000,0x00000000ef780000)
 ParOldGen       total 38912K, used 8954K [0x00000000c1400000, 0x00000000c3a00000, 0x00000000eb180000)
  object space 38912K, 23% used [0x00000000c1400000,0x00000000c1cbe990,0x00000000c3a00000)
 Metaspace       used 25113K, capacity 25376K, committed 25728K, reserved 1071104K
  class space    used 3040K, capacity 3146K, committed 3200K, reserved 1048576K
GC Heap History (10 events):
Event: 1.349 GC heap before
{Heap before GC invocations=3 (full 0):
 PSYoungGen      total 18944K, used 18943K [0x00000000eb180000, 0x00000000ed680000, 0x0000000100000000)
  eden space 16384K, 100% used [0x00000000eb180000,0x00000000ec180000,0x00000000ec180000)
  from space 2560K, 99% used [0x00000000ec400000,0x00000000ec67fed0,0x00000000ec680000)
  to   space 2560K, 0% used [0x00000000ec180000,0x00000000ec180000,0x00000000ec400000)
 ParOldGen       total 44032K, used 593K [0x00000000c1400000, 0x00000000c3f00000, 0x00000000eb180000)
  object space 44032K, 1% used [0x00000000c1400000,0x00000000c1494580,0x00000000c3f00000)
 Metaspace       used 13878K, capacity 14104K, committed 14336K, reserved 1062912K
  class space    used 1620K, capacity 1700K, committed 1792K, reserved 1048576K
Event: 1.357 GC heap after
Heap after GC invocations=3 (full 0):
 PSYoungGen      total 18944K, used 2553K [0x00000000eb180000, 0x00000000ed680000, 0x0000000100000000)
  eden space 16384K, 0% used [0x00000000eb180000,0x00000000eb180000,0x00000000ec180000)
  from space 2560K, 99% used [0x00000000ec180000,0x00000000ec3fe7d8,0x00000000ec400000)
  to   space 2560K, 0% used [0x00000000ed400000,0x00000000ed400000,0x00000000ed680000)
 ParOldGen       total 44032K, used 2678K [0x00000000c1400000, 0x00000000c3f00000, 0x00000000eb180000)
  object space 44032K, 6% used [0x00000000c1400000,0x00000000c169d810,0x00000000c3f00000)
 Metaspace       used 13878K, capacity 14104K, committed 14336K, reserved 1062912K
  class space    used 1620K, capacity 1700K, committed 1792K, reserved 1048576K
}
Event: 1.758 GC heap before
{Heap before GC invocations=4 (full 0):
 PSYoungGen      total 18944K, used 18937K [0x00000000eb180000, 0x00000000ed680000, 0x0000000100000000)
  eden space 16384K, 100% used [0x00000000eb180000,0x00000000ec180000,0x00000000ec180000)
  from space 2560K, 99% used [0x00000000ec180000,0x00000000ec3fe7d8,0x00000000ec400000)
  to   space 2560K, 0% used [0x00000000ed400000,0x00000000ed400000,0x00000000ed680000)
 ParOldGen       total 44032K, used 2678K [0x00000000c1400000, 0x00000000c3f00000, 0x00000000eb180000)
  object space 44032K, 6% used [0x00000000c1400000,0x00000000c169d810,0x00000000c3f00000)
 Metaspace       used 16723K, capacity 16940K, committed 17152K, reserved 1064960K
  class space    used 1980K, capacity 2037K, committed 2048K, reserved 1048576K
Event: 1.767 GC heap after
Heap after GC invocations=4 (full 0):
 PSYoungGen      total 35328K, used 2553K [0x00000000eb180000, 0x00000000ed680000, 0x0000000100000000)
  eden space 32768K, 0% used [0x00000000eb180000,0x00000000eb180000,0x00000000ed180000)
  from space 2560K, 99% used [0x00000000ed400000,0x00000000ed67e7e8,0x00000000ed680000)
  to   space 2560K, 0% used [0x00000000ed180000,0x00000000ed180000,0x00000000ed400000)
 ParOldGen       total 44032K, used 5042K [0x00000000c1400000, 0x00000000c3f00000, 0x00000000eb180000)
  object space 44032K, 11% used [0x00000000c1400000,0x00000000c18ecb08,0x00000000c3f00000)
 Metaspace       used 16723K, capacity 16940K, committed 17152K, reserved 1064960K
  class space    used 1980K, capacity 2037K, committed 2048K, reserved 1048576K
}
Event: 2.602 GC heap before
{Heap before GC invocations=5 (full 0):
 PSYoungGen      total 35328K, used 34696K [0x00000000eb180000, 0x00000000ed680000, 0x0000000100000000)
  eden space 32768K, 98% used [0x00000000eb180000,0x00000000ed0e3ae8,0x00000000ed180000)
  from space 2560K, 99% used [0x00000000ed400000,0x00000000ed67e7e8,0x00000000ed680000)
  to   space 2560K, 0% used [0x00000000ed180000,0x00000000ed180000,0x00000000ed400000)
 ParOldGen       total 44032K, used 5042K [0x00000000c1400000, 0x00000000c3f00000, 0x00000000eb180000)
  object space 44032K, 11% used [0x00000000c1400000,0x00000000c18ecb08,0x00000000c3f00000)
 Metaspace       used 20818K, capacity 21102K, committed 21296K, reserved 1069056K
  class space    used 2484K, capacity 2599K, committed 2688K, reserved 1048576K
Event: 2.615 GC heap after
Heap after GC invocations=5 (full 0):
 PSYoungGen      total 35328K, used 2553K [0x00000000eb180000, 0x00000000f0180000, 0x0000000100000000)
  eden space 32768K, 0% used [0x00000000eb180000,0x00000000eb180000,0x00000000ed180000)
  from space 2560K, 99% used [0x00000000ed180000,0x00000000ed3fe7d8,0x00000000ed400000)
  to   space 8192K, 0% used [0x00000000ef980000,0x00000000ef980000,0x00000000f0180000)
 ParOldGen       total 44032K, used 9203K [0x00000000c1400000, 0x00000000c3f00000, 0x00000000eb180000)
  object space 44032K, 20% used [0x00000000c1400000,0x00000000c1cfcce8,0x00000000c3f00000)
 Metaspace       used 20818K, capacity 21102K, committed 21296K, reserved 1069056K
  class space    used 2484K, capacity 2599K, committed 2688K, reserved 1048576K
}
Event: 2.615 GC heap before
{Heap before GC invocations=6 (full 1):
 PSYoungGen      total 35328K, used 2553K [0x00000000eb180000, 0x00000000f0180000, 0x0000000100000000)
  eden space 32768K, 0% used [0x00000000eb180000,0x00000000eb180000,0x00000000ed180000)
  from space 2560K, 99% used [0x00000000ed180000,0x00000000ed3fe7d8,0x00000000ed400000)
  to   space 8192K, 0% used [0x00000000ef980000,0x00000000ef980000,0x00000000f0180000)
 ParOldGen       total 44032K, used 9203K [0x00000000c1400000, 0x00000000c3f00000, 0x00000000eb180000)
  object space 44032K, 20% used [0x00000000c1400000,0x00000000c1cfcce8,0x00000000c3f00000)
 Metaspace       used 20818K, capacity 21102K, committed 21296K, reserved 1069056K
  class space    used 2484K, capacity 2599K, committed 2688K, reserved 1048576K
Event: 2.682 GC heap after
Heap after GC invocations=6 (full 1):
 PSYoungGen      total 35328K, used 0K [0x00000000eb180000, 0x00000000f0180000, 0x0000000100000000)
  eden space 32768K, 0% used [0x00000000eb180000,0x00000000eb180000,0x00000000ed180000)
  from space 2560K, 0% used [0x00000000ed180000,0x00000000ed180000,0x00000000ed400000)
  to   space 8192K, 0% used [0x00000000ef980000,0x00000000ef980000,0x00000000f0180000)
 ParOldGen       total 38912K, used 7687K [0x00000000c1400000, 0x00000000c3a00000, 0x00000000eb180000)
  object space 38912K, 19% used [0x00000000c1400000,0x00000000c1b81de0,0x00000000c3a00000)
 Metaspace       used 20818K, capacity 21102K, committed 21296K, reserved 1069056K
  class space    used 2484K, capacity 2599K, committed 2688K, reserved 1048576K
}
Event: 14.886 GC heap before
{Heap before GC invocations=7 (full 1):
 PSYoungGen      total 35328K, used 32768K [0x00000000eb180000, 0x00000000f0180000, 0x0000000100000000)
  eden space 32768K, 100% used [0x00000000eb180000,0x00000000ed180000,0x00000000ed180000)
  from space 2560K, 0% used [0x00000000ed180000,0x00000000ed180000,0x00000000ed400000)
  to   space 8192K, 0% used [0x00000000ef980000,0x00000000ef980000,0x00000000f0180000)
 ParOldGen       total 38912K, used 7687K [0x00000000c1400000, 0x00000000c3a00000, 0x00000000eb180000)
  object space 38912K, 19% used [0x00000000c1400000,0x00000000c1b81de0,0x00000000c3a00000)
 Metaspace       used 24772K, capacity 25056K, committed 25472K, reserved 1071104K
  class space    used 2981K, capacity 3082K, committed 3200K, reserved 1048576K
Event: 14.892 GC heap after
Heap after GC invocations=7 (full 1):
 PSYoungGen      total 52736K, used 8180K [0x00000000eb180000, 0x00000000f0180000, 0x0000000100000000)
  eden space 44544K, 0% used [0x00000000eb180000,0x00000000eb180000,0x00000000edd00000)
  from space 8192K, 99% used [0x00000000ef980000,0x00000000f017d080,0x00000000f0180000)
  to   space 10240K, 0% used [0x00000000eed80000,0x00000000eed80000,0x00000000ef780000)
 ParOldGen       total 38912K, used 8954K [0x00000000c1400000, 0x00000000c3a00000, 0x00000000eb180000)
  object space 38912K, 23% used [0x00000000c1400000,0x00000000c1cbe990,0x00000000c3a00000)
 Metaspace       used 24772K, capacity 25056K, committed 25472K, reserved 1071104K
  class space    used 2981K, capacity 3082K, committed 3200K, reserved 1048576K
}

