# JRE version: OpenJDK Runtime Environment (7.0_95) (build 1.7.0_95-b00)
# Java VM: OpenJDK Zero VM (24.95-b01 mixed mode linux-arm )
Heap
 def new generation   total 11520K, used 10348K [0x54a00000, 0x55680000, 0x5da00000)
  eden space 10240K,  99% used [0x54a00000, 0x553ff8d8, 0x55400000)
  from space 1280K,   8% used [0x55540000, 0x5555b820, 0x55680000)
  to   space 1280K,   0% used [0x55400000, 0x55400000, 0x55540000)
 tenured generation   total 25472K, used 9542K [0x5da00000, 0x5f2e0000, 0x6fa00000)
   the space 25472K,  37% used [0x5da00000, 0x5e351a80, 0x5e351c00, 0x5f2e0000)
 compacting perm gen  total 16640K, used 16429K [0x6fa00000, 0x70a40000, 0x73a00000)
   the space 16640K,  98% used [0x6fa00000, 0x70a0b448, 0x70a0b600, 0x70a40000)
GC Heap History (10 events):
Event: 709.071 GC heap before
{Heap before GC invocations=2814 (full 219):
 def new generation   total 11520K, used 10569K [0x54a00000, 0x55680000, 0x5da00000)
  eden space 10240K,  99% used [0x54a00000, 0x553ffa70, 0x55400000)
  from space 1280K,  25% used [0x55400000, 0x55452a30, 0x55540000)
  to   space 1280K,   0% used [0x55540000, 0x55540000, 0x55680000)
 tenured generation   total 25472K, used 22002K [0x5da00000, 0x5f2e0000, 0x6fa00000)
   the space 25472K,  86% used [0x5da00000, 0x5ef7c810, 0x5ef7ca00, 0x5f2e0000)
 compacting perm gen  total 16640K, used 16429K [0x6fa00000, 0x70a40000, 0x73a00000)
   the space 16640K,  98% used [0x6fa00000, 0x70a0b448, 0x70a0b600, 0x70a40000)
No shared spaces configured.
Event: 709.075 GC heap after
Heap after GC invocations=2815 (full 219):
 def new generation   total 11520K, used 331K [0x54a00000, 0x55680000, 0x5da00000)
  eden space 10240K,   0% used [0x54a00000, 0x54a00000, 0x55400000)
  from space 1280K,  25% used [0x55540000, 0x55592c50, 0x55680000)
  to   space 1280K,   0% used [0x55400000, 0x55400000, 0x55540000)
 tenured generation   total 25472K, used 23246K [0x5da00000, 0x5f2e0000, 0x6fa00000)
   the space 25472K,  91% used [0x5da00000, 0x5f0b38b0, 0x5f0b3a00, 0x5f2e0000)
 compacting perm gen  total 16640K, used 16429K [0x6fa00000, 0x70a40000, 0x73a00000)
   the space 16640K,  98% used [0x6fa00000, 0x70a0b448, 0x70a0b600, 0x70a40000)
No shared spaces configured.
}
Event: 709.415 GC heap before
{Heap before GC invocations=2815 (full 219):
 def new generation   total 11520K, used 10569K [0x54a00000, 0x55680000, 0x5da00000)
  eden space 10240K,  99% used [0x54a00000, 0x553ff9e8, 0x55400000)
  from space 1280K,  25% used [0x55540000, 0x55592c50, 0x55680000)
  to   space 1280K,   0% used [0x55400000, 0x55400000, 0x55540000)
 tenured generation   total 25472K, used 23246K [0x5da00000, 0x5f2e0000, 0x6fa00000)
   the space 25472K,  91% used [0x5da00000, 0x5f0b38b0, 0x5f0b3a00, 0x5f2e0000)
 compacting perm gen  total 16640K, used 16429K [0x6fa00000, 0x70a40000, 0x73a00000)
   the space 16640K,  98% used [0x6fa00000, 0x70a0b448, 0x70a0b600, 0x70a40000)
No shared spaces configured.
Event: 709.420 GC heap after
Heap after GC invocations=2816 (full 219):
 def new generation   total 11520K, used 331K [0x54a00000, 0x55680000, 0x5da00000)
  eden space 10240K,   0% used [0x54a00000, 0x54a00000, 0x55400000)
  from space 1280K,  25% used [0x55400000, 0x55452e70, 0x55540000)
  to   space 1280K,   0% used [0x55540000, 0x55540000, 0x55680000)
 tenured generation   total 25472K, used 24490K [0x5da00000, 0x5f2e0000, 0x6fa00000)
   the space 25472K,  96% used [0x5da00000, 0x5f1ea950, 0x5f1eaa00, 0x5f2e0000)
 compacting perm gen  total 16640K, used 16429K [0x6fa00000, 0x70a40000, 0x73a00000)
   the space 16640K,  98% used [0x6fa00000, 0x70a0b448, 0x70a0b600, 0x70a40000)
No shared spaces configured.
}
Event: 709.762 GC heap before
{Heap before GC invocations=2816 (full 219):
 def new generation   total 11520K, used 10570K [0x54a00000, 0x55680000, 0x5da00000)
  eden space 10240K,  99% used [0x54a00000, 0x553ff9e0, 0x55400000)
  from space 1280K,  25% used [0x55400000, 0x55452e70, 0x55540000)
  to   space 1280K,   0% used [0x55540000, 0x55540000, 0x55680000)
 tenured generation   total 25472K, used 24490K [0x5da00000, 0x5f2e0000, 0x6fa00000)
   the space 25472K,  96% used [0x5da00000, 0x5f1ea950, 0x5f1eaa00, 0x5f2e0000)
 compacting perm gen  total 16640K, used 16429K [0x6fa00000, 0x70a40000, 0x73a00000)
   the space 16640K,  98% used [0x6fa00000, 0x70a0b448, 0x70a0b600, 0x70a40000)
No shared spaces configured.
Event: 709.962 GC heap after
Heap after GC invocations=2817 (full 220):
 def new generation   total 11520K, used 0K [0x54a00000, 0x55680000, 0x5da00000)
  eden space 10240K,   0% used [0x54a00000, 0x54a00000, 0x55400000)
  from space 1280K,   0% used [0x55540000, 0x55540000, 0x55680000)
  to   space 1280K,   0% used [0x55400000, 0x55400000, 0x55540000)
 tenured generation   total 25472K, used 8298K [0x5da00000, 0x5f2e0000, 0x6fa00000)
   the space 25472K,  32% used [0x5da00000, 0x5e21a9e0, 0x5e21aa00, 0x5f2e0000)
 compacting perm gen  total 16640K, used 16429K [0x6fa00000, 0x70a40000, 0x73a00000)
   the space 16640K,  98% used [0x6fa00000, 0x70a0b448, 0x70a0b600, 0x70a40000)
No shared spaces configured.
}
Event: 710.298 GC heap before
{Heap before GC invocations=2817 (full 220):
 def new generation   total 11520K, used 9059K [0x54a00000, 0x55680000, 0x5da00000)
  eden space 10240K,  88% used [0x54a00000, 0x552d8da0, 0x55400000)
  from space 1280K,   0% used [0x55540000, 0x55540000, 0x55680000)
  to   space 1280K,   0% used [0x55400000, 0x55400000, 0x55540000)
 tenured generation   total 25472K, used 8298K [0x5da00000, 0x5f2e0000, 0x6fa00000)
   the space 25472K,  32% used [0x5da00000, 0x5e21a9e0, 0x5e21aa00, 0x5f2e0000)
 compacting perm gen  total 16640K, used 16429K [0x6fa00000, 0x70a40000, 0x73a00000)
   the space 16640K,  98% used [0x6fa00000, 0x70a0b448, 0x70a0b600, 0x70a40000)
No shared spaces configured.
Event: 710.301 GC heap after
Heap after GC invocations=2818 (full 220):
 def new generation   total 11520K, used 109K [0x54a00000, 0x55680000, 0x5da00000)
  eden space 10240K,   0% used [0x54a00000, 0x54a00000, 0x55400000)
  from space 1280K,   8% used [0x55400000, 0x5541b5a0, 0x55540000)
  to   space 1280K,   0% used [0x55540000, 0x55540000, 0x55680000)
 tenured generation   total 25472K, used 8298K [0x5da00000, 0x5f2e0000, 0x6fa00000)
   the space 25472K,  32% used [0x5da00000, 0x5e21a9e0, 0x5e21aa00, 0x5f2e0000)
 compacting perm gen  total 16640K, used 16429K [0x6fa00000, 0x70a40000, 0x73a00000)
   the space 16640K,  98% used [0x6fa00000, 0x70a0b448, 0x70a0b600, 0x70a40000)
No shared spaces configured.
}
Event: 710.631 GC heap before
{Heap before GC invocations=2818 (full 220):
 def new generation   total 11520K, used 10348K [0x54a00000, 0x55680000, 0x5da00000)
  eden space 10240K,  99% used [0x54a00000, 0x553ffb00, 0x55400000)
  from space 1280K,   8% used [0x55400000, 0x5541b5a0, 0x55540000)
  to   space 1280K,   0% used [0x55540000, 0x55540000, 0x55680000)
 tenured generation   total 25472K, used 8298K [0x5da00000, 0x5f2e0000, 0x6fa00000)
   the space 25472K,  32% used [0x5da00000, 0x5e21a9e0, 0x5e21aa00, 0x5f2e0000)
 compacting perm gen  total 16640K, used 16429K [0x6fa00000, 0x70a40000, 0x73a00000)
   the space 16640K,  98% used [0x6fa00000, 0x70a0b448, 0x70a0b600, 0x70a40000)
No shared spaces configured.
Event: 710.635 GC heap after
Heap after GC invocations=2819 (full 220):
 def new generation   total 11520K, used 110K [0x54a00000, 0x55680000, 0x5da00000)
  eden space 10240K,   0% used [0x54a00000, 0x54a00000, 0x55400000)
  from space 1280K,   8% used [0x55540000, 0x5555b820, 0x55680000)
  to   space 1280K,   0% used [0x55400000, 0x55400000, 0x55540000)
 tenured generation   total 25472K, used 9542K [0x5da00000, 0x5f2e0000, 0x6fa00000)
   the space 25472K,  37% used [0x5da00000, 0x5e351a80, 0x5e351c00, 0x5f2e0000)
 compacting perm gen  total 16640K, used 16429K [0x6fa00000, 0x70a40000, 0x73a00000)
   the space 16640K,  98% used [0x6fa00000, 0x70a0b448, 0x70a0b600, 0x70a40000)
No shared spaces configured.
}

