# JRE version: OpenJDK Runtime Environment (7.0_95) (build 1.7.0_95-b00)
# Java VM: OpenJDK Zero VM (24.95-b01 mixed mode linux-arm )
Heap
 def new generation   total 7680K, used 7070K [0x54a00000, 0x55240000, 0x5da00000)
  eden space 6912K,  99% used [0x54a00000, 0x550bfff8, 0x550c0000)
  from space 768K,  20% used [0x550c0000, 0x550e7b28, 0x55180000)
  to   space 768K,   0% used [0x55180000, 0x55180000, 0x55240000)
 tenured generation   total 16588K, used 11708K [0x5da00000, 0x5ea33000, 0x6fa00000)
   the space 16588K,  70% used [0x5da00000, 0x5e56f190, 0x5e56f200, 0x5ea33000)
 compacting perm gen  total 16640K, used 16485K [0x6fa00000, 0x70a40000, 0x73a00000)
   the space 16640K,  99% used [0x6fa00000, 0x70a19610, 0x70a19800, 0x70a40000)
GC Heap History (10 events):
Event: 357.355 GC heap before
{Heap before GC invocations=1511 (full 169):
 def new generation   total 7680K, used 7018K [0x54a00000, 0x55240000, 0x5da00000)
  eden space 6912K,  99% used [0x54a00000, 0x550bf730, 0x550c0000)
  from space 768K,  14% used [0x55180000, 0x5519b398, 0x55240000)
  to   space 768K,   0% used [0x550c0000, 0x550c0000, 0x55180000)
 tenured generation   total 16588K, used 14195K [0x5da00000, 0x5ea33000, 0x6fa00000)
   the space 16588K,  85% used [0x5da00000, 0x5e7dcec8, 0x5e7dd000, 0x5ea33000)
 compacting perm gen  total 16640K, used 16485K [0x6fa00000, 0x70a40000, 0x73a00000)
   the space 16640K,  99% used [0x6fa00000, 0x70a19610, 0x70a19800, 0x70a40000)
No shared spaces configured.
Event: 357.359 GC heap after
Heap after GC invocations=1512 (full 169):
 def new generation   total 7680K, used 158K [0x54a00000, 0x55240000, 0x5da00000)
  eden space 6912K,   0% used [0x54a00000, 0x54a00000, 0x550c0000)
  from space 768K,  20% used [0x550c0000, 0x550e7900, 0x55180000)
  to   space 768K,   0% used [0x55180000, 0x55180000, 0x55240000)
 tenured generation   total 16588K, used 15439K [0x5da00000, 0x5ea33000, 0x6fa00000)
   the space 16588K,  93% used [0x5da00000, 0x5e913f68, 0x5e914000, 0x5ea33000)
 compacting perm gen  total 16640K, used 16485K [0x6fa00000, 0x70a40000, 0x73a00000)
   the space 16640K,  99% used [0x6fa00000, 0x70a19610, 0x70a19800, 0x70a40000)
No shared spaces configured.
}
Event: 357.600 GC heap before
{Heap before GC invocations=1512 (full 169):
 def new generation   total 7680K, used 7070K [0x54a00000, 0x55240000, 0x5da00000)
  eden space 6912K, 100% used [0x54a00000, 0x550c0000, 0x550c0000)
  from space 768K,  20% used [0x550c0000, 0x550e7900, 0x55180000)
  to   space 768K,   0% used [0x55180000, 0x55180000, 0x55240000)
 tenured generation   total 16588K, used 15439K [0x5da00000, 0x5ea33000, 0x6fa00000)
   the space 16588K,  93% used [0x5da00000, 0x5e913f68, 0x5e914000, 0x5ea33000)
 compacting perm gen  total 16640K, used 16485K [0x6fa00000, 0x70a40000, 0x73a00000)
   the space 16640K,  99% used [0x6fa00000, 0x70a19610, 0x70a19800, 0x70a40000)
No shared spaces configured.
Event: 357.794 GC heap after
Heap after GC invocations=1513 (full 170):
 def new generation   total 7680K, used 0K [0x54a00000, 0x55240000, 0x5da00000)
  eden space 6912K,   0% used [0x54a00000, 0x54a00000, 0x550c0000)
  from space 768K,   0% used [0x55180000, 0x55180000, 0x55240000)
  to   space 768K,   0% used [0x550c0000, 0x550c0000, 0x55180000)
 tenured generation   total 16588K, used 7975K [0x5da00000, 0x5ea33000, 0x6fa00000)
   the space 16588K,  48% used [0x5da00000, 0x5e1c9fb0, 0x5e1ca000, 0x5ea33000)
 compacting perm gen  total 16640K, used 16485K [0x6fa00000, 0x70a40000, 0x73a00000)
   the space 16640K,  99% used [0x6fa00000, 0x70a19610, 0x70a19800, 0x70a40000)
No shared spaces configured.
}
Event: 358.017 GC heap before
{Heap before GC invocations=1513 (full 170):
 def new generation   total 7680K, used 6911K [0x54a00000, 0x55240000, 0x5da00000)
  eden space 6912K,  99% used [0x54a00000, 0x550bfff8, 0x550c0000)
  from space 768K,   0% used [0x55180000, 0x55180000, 0x55240000)
  to   space 768K,   0% used [0x550c0000, 0x550c0000, 0x55180000)
 tenured generation   total 16588K, used 7975K [0x5da00000, 0x5ea33000, 0x6fa00000)
   the space 16588K,  48% used [0x5da00000, 0x5e1c9fb0, 0x5e1ca000, 0x5ea33000)
 compacting perm gen  total 16640K, used 16485K [0x6fa00000, 0x70a40000, 0x73a00000)
   the space 16640K,  99% used [0x6fa00000, 0x70a19610, 0x70a19800, 0x70a40000)
No shared spaces configured.
Event: 358.021 GC heap after
Heap after GC invocations=1514 (full 170):
 def new generation   total 7680K, used 158K [0x54a00000, 0x55240000, 0x5da00000)
  eden space 6912K,   0% used [0x54a00000, 0x54a00000, 0x550c0000)
  from space 768K,  20% used [0x550c0000, 0x550e7860, 0x55180000)
  to   space 768K,   0% used [0x55180000, 0x55180000, 0x55240000)
 tenured generation   total 16588K, used 9220K [0x5da00000, 0x5ea33000, 0x6fa00000)
   the space 16588K,  55% used [0x5da00000, 0x5e301050, 0x5e301200, 0x5ea33000)
 compacting perm gen  total 16640K, used 16485K [0x6fa00000, 0x70a40000, 0x73a00000)
   the space 16640K,  99% used [0x6fa00000, 0x70a19610, 0x70a19800, 0x70a40000)
No shared spaces configured.
}
Event: 358.255 GC heap before
{Heap before GC invocations=1514 (full 170):
 def new generation   total 7680K, used 7070K [0x54a00000, 0x55240000, 0x5da00000)
  eden space 6912K, 100% used [0x54a00000, 0x550c0000, 0x550c0000)
  from space 768K,  20% used [0x550c0000, 0x550e7860, 0x55180000)
  to   space 768K,   0% used [0x55180000, 0x55180000, 0x55240000)
 tenured generation   total 16588K, used 9220K [0x5da00000, 0x5ea33000, 0x6fa00000)
   the space 16588K,  55% used [0x5da00000, 0x5e301050, 0x5e301200, 0x5ea33000)
 compacting perm gen  total 16640K, used 16485K [0x6fa00000, 0x70a40000, 0x73a00000)
   the space 16640K,  99% used [0x6fa00000, 0x70a19610, 0x70a19800, 0x70a40000)
No shared spaces configured.
Event: 358.258 GC heap after
Heap after GC invocations=1515 (full 170):
 def new generation   total 7680K, used 109K [0x54a00000, 0x55240000, 0x5da00000)
  eden space 6912K,   0% used [0x54a00000, 0x54a00000, 0x550c0000)
  from space 768K,  14% used [0x55180000, 0x5519b658, 0x55240000)
  to   space 768K,   0% used [0x550c0000, 0x550c0000, 0x55180000)
 tenured generation   total 16588K, used 10464K [0x5da00000, 0x5ea33000, 0x6fa00000)
   the space 16588K,  63% used [0x5da00000, 0x5e4380f0, 0x5e438200, 0x5ea33000)
 compacting perm gen  total 16640K, used 16485K [0x6fa00000, 0x70a40000, 0x73a00000)
   the space 16640K,  99% used [0x6fa00000, 0x70a19610, 0x70a19800, 0x70a40000)
No shared spaces configured.
}
Event: 358.490 GC heap before
{Heap before GC invocations=1515 (full 170):
 def new generation   total 7680K, used 7020K [0x54a00000, 0x55240000, 0x5da00000)
  eden space 6912K,  99% used [0x54a00000, 0x550bfd90, 0x550c0000)
  from space 768K,  14% used [0x55180000, 0x5519b658, 0x55240000)
  to   space 768K,   0% used [0x550c0000, 0x550c0000, 0x55180000)
 tenured generation   total 16588K, used 10464K [0x5da00000, 0x5ea33000, 0x6fa00000)
   the space 16588K,  63% used [0x5da00000, 0x5e4380f0, 0x5e438200, 0x5ea33000)
 compacting perm gen  total 16640K, used 16485K [0x6fa00000, 0x70a40000, 0x73a00000)
   the space 16640K,  99% used [0x6fa00000, 0x70a19610, 0x70a19800, 0x70a40000)
No shared spaces configured.
Event: 358.494 GC heap after
Heap after GC invocations=1516 (full 170):
 def new generation   total 7680K, used 158K [0x54a00000, 0x55240000, 0x5da00000)
  eden space 6912K,   0% used [0x54a00000, 0x54a00000, 0x550c0000)
  from space 768K,  20% used [0x550c0000, 0x550e7b28, 0x55180000)
  to   space 768K,   0% used [0x55180000, 0x55180000, 0x55240000)
 tenured generation   total 16588K, used 11708K [0x5da00000, 0x5ea33000, 0x6fa00000)
   the space 16588K,  70% used [0x5da00000, 0x5e56f190, 0x5e56f200, 0x5ea33000)
 compacting perm gen  total 16640K, used 16485K [0x6fa00000, 0x70a40000, 0x73a00000)
   the space 16640K,  99% used [0x6fa00000, 0x70a19610, 0x70a19800, 0x70a40000)
No shared spaces configured.
}

