# JRE version: OpenJDK Runtime Environment (7.0_95) (build 1.7.0_95-b00)
# Java VM: OpenJDK Zero VM (24.95-b01 mixed mode linux-arm )
Heap
 def new generation   total 7040K, used 5430K [0x54a00000, 0x551a0000, 0x5da00000)
  eden space 6272K,  84% used [0x54a00000, 0x54f32170, 0x55020000)
  from space 768K,  14% used [0x55020000, 0x5503ba50, 0x550e0000)
  to   space 768K,   0% used [0x550e0000, 0x550e0000, 0x551a0000)
 tenured generation   total 15360K, used 11354K [0x5da00000, 0x5e900000, 0x6fa00000)
   the space 15360K,  73% used [0x5da00000, 0x5e516810, 0x5e516a00, 0x5e900000)
 compacting perm gen  total 16640K, used 16387K [0x6fa00000, 0x70a40000, 0x73a00000)
   the space 16640K,  98% used [0x6fa00000, 0x70a00f98, 0x70a01000, 0x70a40000)
GC Heap History (10 events):
Event: 116.601 GC heap before
{Heap before GC invocations=513 (full 60):
 def new generation   total 7040K, used 6786K [0x54a00000, 0x551a0000, 0x5da00000)
  eden space 6272K,  99% used [0x54a00000, 0x5501f8a8, 0x55020000)
  from space 768K,  67% used [0x550e0000, 0x551611c0, 0x551a0000)
  to   space 768K,   0% used [0x55020000, 0x55020000, 0x550e0000)
 tenured generation   total 15360K, used 14812K [0x5da00000, 0x5e900000, 0x6fa00000)
   the space 15360K,  96% used [0x5da00000, 0x5e877380, 0x5e877400, 0x5e900000)
 compacting perm gen  total 16640K, used 16387K [0x6fa00000, 0x70a40000, 0x73a00000)
   the space 16640K,  98% used [0x6fa00000, 0x70a00f98, 0x70a01000, 0x70a40000)
No shared spaces configured.
Event: 116.797 GC heap after
Heap after GC invocations=514 (full 61):
 def new generation   total 7040K, used 0K [0x54a00000, 0x551a0000, 0x5da00000)
  eden space 6272K,   0% used [0x54a00000, 0x54a00000, 0x55020000)
  from space 768K,   0% used [0x55020000, 0x55020000, 0x550e0000)
  to   space 768K,   0% used [0x550e0000, 0x550e0000, 0x551a0000)
 tenured generation   total 15360K, used 7621K [0x5da00000, 0x5e900000, 0x6fa00000)
   the space 15360K,  49% used [0x5da00000, 0x5e171630, 0x5e171800, 0x5e900000)
 compacting perm gen  total 16640K, used 16387K [0x6fa00000, 0x70a40000, 0x73a00000)
   the space 16640K,  98% used [0x6fa00000, 0x70a00f98, 0x70a01000, 0x70a40000)
No shared spaces configured.
}
Event: 117.022 GC heap before
{Heap before GC invocations=514 (full 61):
 def new generation   total 7040K, used 5717K [0x54a00000, 0x551a0000, 0x5da00000)
  eden space 6272K,  91% used [0x54a00000, 0x54f95618, 0x55020000)
  from space 768K,   0% used [0x55020000, 0x55020000, 0x550e0000)
  to   space 768K,   0% used [0x550e0000, 0x550e0000, 0x551a0000)
 tenured generation   total 15360K, used 7621K [0x5da00000, 0x5e900000, 0x6fa00000)
   the space 15360K,  49% used [0x5da00000, 0x5e171630, 0x5e171800, 0x5e900000)
 compacting perm gen  total 16640K, used 16387K [0x6fa00000, 0x70a40000, 0x73a00000)
   the space 16640K,  98% used [0x6fa00000, 0x70a00f98, 0x70a01000, 0x70a40000)
No shared spaces configured.
Event: 117.025 GC heap after
Heap after GC invocations=515 (full 61):
 def new generation   total 7040K, used 109K [0x54a00000, 0x551a0000, 0x5da00000)
  eden space 6272K,   0% used [0x54a00000, 0x54a00000, 0x55020000)
  from space 768K,  14% used [0x550e0000, 0x550fb4d8, 0x551a0000)
  to   space 768K,   0% used [0x55020000, 0x55020000, 0x550e0000)
 tenured generation   total 15360K, used 7621K [0x5da00000, 0x5e900000, 0x6fa00000)
   the space 15360K,  49% used [0x5da00000, 0x5e171630, 0x5e171800, 0x5e900000)
 compacting perm gen  total 16640K, used 16387K [0x6fa00000, 0x70a40000, 0x73a00000)
   the space 16640K,  98% used [0x6fa00000, 0x70a00f98, 0x70a01000, 0x70a40000)
No shared spaces configured.
}
Event: 117.219 GC heap before
{Heap before GC invocations=515 (full 61):
 def new generation   total 7040K, used 6378K [0x54a00000, 0x551a0000, 0x5da00000)
  eden space 6272K,  99% used [0x54a00000, 0x5501f5e8, 0x55020000)
  from space 768K,  14% used [0x550e0000, 0x550fb4d8, 0x551a0000)
  to   space 768K,   0% used [0x55020000, 0x55020000, 0x550e0000)
 tenured generation   total 15360K, used 7621K [0x5da00000, 0x5e900000, 0x6fa00000)
   the space 15360K,  49% used [0x5da00000, 0x5e171630, 0x5e171800, 0x5e900000)
 compacting perm gen  total 16640K, used 16387K [0x6fa00000, 0x70a40000, 0x73a00000)
   the space 16640K,  98% used [0x6fa00000, 0x70a00f98, 0x70a01000, 0x70a40000)
No shared spaces configured.
Event: 117.222 GC heap after
Heap after GC invocations=516 (full 61):
 def new generation   total 7040K, used 109K [0x54a00000, 0x551a0000, 0x5da00000)
  eden space 6272K,   0% used [0x54a00000, 0x54a00000, 0x55020000)
  from space 768K,  14% used [0x55020000, 0x5503b610, 0x550e0000)
  to   space 768K,   0% used [0x550e0000, 0x550e0000, 0x551a0000)
 tenured generation   total 15360K, used 8865K [0x5da00000, 0x5e900000, 0x6fa00000)
   the space 15360K,  57% used [0x5da00000, 0x5e2a86d0, 0x5e2a8800, 0x5e900000)
 compacting perm gen  total 16640K, used 16387K [0x6fa00000, 0x70a40000, 0x73a00000)
   the space 16640K,  98% used [0x6fa00000, 0x70a00f98, 0x70a01000, 0x70a40000)
No shared spaces configured.
}
Event: 117.423 GC heap before
{Heap before GC invocations=516 (full 61):
 def new generation   total 7040K, used 6355K [0x54a00000, 0x551a0000, 0x5da00000)
  eden space 6272K,  99% used [0x54a00000, 0x55019890, 0x55020000)
  from space 768K,  14% used [0x55020000, 0x5503b610, 0x550e0000)
  to   space 768K,   0% used [0x550e0000, 0x550e0000, 0x551a0000)
 tenured generation   total 15360K, used 8865K [0x5da00000, 0x5e900000, 0x6fa00000)
   the space 15360K,  57% used [0x5da00000, 0x5e2a86d0, 0x5e2a8800, 0x5e900000)
 compacting perm gen  total 16640K, used 16387K [0x6fa00000, 0x70a40000, 0x73a00000)
   the space 16640K,  98% used [0x6fa00000, 0x70a00f98, 0x70a01000, 0x70a40000)
No shared spaces configured.
Event: 117.426 GC heap after
Heap after GC invocations=517 (full 61):
 def new generation   total 7040K, used 158K [0x54a00000, 0x551a0000, 0x5da00000)
  eden space 6272K,   0% used [0x54a00000, 0x54a00000, 0x55020000)
  from space 768K,  20% used [0x550e0000, 0x551078a0, 0x551a0000)
  to   space 768K,   0% used [0x55020000, 0x55020000, 0x550e0000)
 tenured generation   total 15360K, used 10109K [0x5da00000, 0x5e900000, 0x6fa00000)
   the space 15360K,  65% used [0x5da00000, 0x5e3df770, 0x5e3df800, 0x5e900000)
 compacting perm gen  total 16640K, used 16387K [0x6fa00000, 0x70a40000, 0x73a00000)
   the space 16640K,  98% used [0x6fa00000, 0x70a00f98, 0x70a01000, 0x70a40000)
No shared spaces configured.
}
Event: 117.624 GC heap before
{Heap before GC invocations=517 (full 61):
 def new generation   total 7040K, used 6429K [0x54a00000, 0x551a0000, 0x5da00000)
  eden space 6272K,  99% used [0x54a00000, 0x5501fed0, 0x55020000)
  from space 768K,  20% used [0x550e0000, 0x551078a0, 0x551a0000)
  to   space 768K,   0% used [0x55020000, 0x55020000, 0x550e0000)
 tenured generation   total 15360K, used 10109K [0x5da00000, 0x5e900000, 0x6fa00000)
   the space 15360K,  65% used [0x5da00000, 0x5e3df770, 0x5e3df800, 0x5e900000)
 compacting perm gen  total 16640K, used 16387K [0x6fa00000, 0x70a40000, 0x73a00000)
   the space 16640K,  98% used [0x6fa00000, 0x70a00f98, 0x70a01000, 0x70a40000)
No shared spaces configured.
Event: 117.627 GC heap after
Heap after GC invocations=518 (full 61):
 def new generation   total 7040K, used 110K [0x54a00000, 0x551a0000, 0x5da00000)
  eden space 6272K,   0% used [0x54a00000, 0x54a00000, 0x55020000)
  from space 768K,  14% used [0x55020000, 0x5503ba50, 0x550e0000)
  to   space 768K,   0% used [0x550e0000, 0x550e0000, 0x551a0000)
 tenured generation   total 15360K, used 11354K [0x5da00000, 0x5e900000, 0x6fa00000)
   the space 15360K,  73% used [0x5da00000, 0x5e516810, 0x5e516a00, 0x5e900000)
 compacting perm gen  total 16640K, used 16387K [0x6fa00000, 0x70a40000, 0x73a00000)
   the space 16640K,  98% used [0x6fa00000, 0x70a00f98, 0x70a01000, 0x70a40000)
No shared spaces configured.
}

